node.exe : (node:636) [DEP0040] 
DeprecationWarning: The `punycode` module is 
deprecated. Please use a userland alternative 
instead.
At line:1 char:1
+ & "C:\Program Files\nodejs/node.exe" 
"C:\Program Files\nodejs/node_mo ...
+ ~~~~~~~~~~~~~~~~~~~~~~~~~~~~~~~~~~~~~~~~~~~~~~~~
~~~~~~~~~~~~~~~~~~~~~
    + CategoryInfo          : NotSpecified: ((nod 
   e:636) [DEP...native instead.:String) [], Rem  
  oteException
    + FullyQualifiedErrorId : NativeCommandError
 
(Use `node --trace-deprecation ...` to show where 
the warning was created)
[2026-02-21T13:57:52.626Z] > command requires scopes: ["email","openid","https://www.googleapis.com/auth/cloudplatformprojects.readonly","https://www.googleapis.com/auth/firebase","https://www.googleapis.com/auth/cloud-platform"]
[2026-02-21T13:57:52.627Z] > authorizing via signed-in user (dewangankrrish50@gmail.com)
[2026-02-21T13:57:52.627Z] [iam] checking project healthsense-ai-prod-478 for permissions ["firebase.projects.get","firebasehosting.sites.update"]
[2026-02-21T13:57:52.629Z] Checked if tokens are valid: true, expires at: 1771685636310
[2026-02-21T13:57:52.629Z] Checked if tokens are valid: true, expires at: 1771685636310
[2026-02-21T13:57:52.630Z] >>> [apiv2][query] POST https://cloudresourcemanager.googleapis.com/v1/projects/healthsense-ai-prod-478:testIamPermissions [none]
[2026-02-21T13:57:52.630Z] >>> [apiv2][(partial)header] POST https://cloudresourcemanager.googleapis.com/v1/projects/healthsense-ai-prod-478:testIamPermissions  x-goog-user-project=healthsense-ai-prod-478
[2026-02-21T13:57:52.631Z] >>> [apiv2][body] POST https://cloudresourcemanager.googleapis.com/v1/projects/healthsense-ai-prod-478:testIamPermissions {"permissions":["firebase.projects.get","firebasehosting.sites.update"]}
[2026-02-21T13:57:54.301Z] <<< [apiv2][status] POST https://cloudresourcemanager.googleapis.com/v1/projects/healthsense-ai-prod-478:testIamPermissions 200
[2026-02-21T13:57:54.301Z] <<< [apiv2][body] POST https://cloudresourcemanager.googleapis.com/v1/projects/healthsense-ai-prod-478:testIamPermissions {"permissions":["firebase.projects.get","firebasehosting.sites.update"]}
[2026-02-21T13:57:54.301Z] Checked if tokens are valid: true, expires at: 1771685636310
[2026-02-21T13:57:54.301Z] Checked if tokens are valid: true, expires at: 1771685636310
[2026-02-21T13:57:54.302Z] >>> [apiv2][query] GET https://firebase.googleapis.com/v1beta1/projects/healthsense-ai-prod-478 [none]
[2026-02-21T13:57:54.939Z] <<< [apiv2][status] GET https://firebase.googleapis.com/v1beta1/projects/healthsense-ai-prod-478 200
[2026-02-21T13:57:54.939Z] <<< [apiv2][body] GET https://firebase.googleapis.com/v1beta1/projects/healthsense-ai-prod-478 {"projectId":"healthsense-ai-prod-478","projectNumber":"218534686639","displayName":"HealthSense AI Production","name":"projects/healthsense-ai-prod-478","resources":{"hostingSite":"healthsense-ai-prod-478"},"state":"ACTIVE","etag":"1_0045178e-9c57-4e0b-82a7-f78d356c5f15"}
[2026-02-21T13:57:58.009Z] defaultcredentials: writing to file C:\Users\Krrish\AppData\Roaming\firebase\dewangankrrish50_gmail_com_application_default_credentials.json
[2026-02-21T13:57:58.011Z] Checked if tokens are valid: true, expires at: 1771685636310
[2026-02-21T13:57:58.011Z] Checked if tokens are valid: true, expires at: 1771685636310
[2026-02-21T13:57:58.011Z] >>> [apiv2][query] GET https://firebasehosting.googleapis.com/v1beta1/projects/healthsense-ai-prod-478/sites pageToken=&pageSize=10
[2026-02-21T13:57:59.369Z] <<< [apiv2][status] GET https://firebasehosting.googleapis.com/v1beta1/projects/healthsense-ai-prod-478/sites 200
[2026-02-21T13:57:59.369Z] <<< [apiv2][body] GET https://firebasehosting.googleapis.com/v1beta1/projects/healthsense-ai-prod-478/sites {"sites":[{"name":"projects/healthsense-ai-prod-478/sites/healthsense-ai-prod-478","defaultUrl":"https://healthsense-ai-prod-478.web.app","type":"DEFAULT_SITE"}]}
[2026-02-21T13:57:59.370Z] Checked if tokens are valid: true, expires at: 1771685636310
[2026-02-21T13:57:59.370Z] Checked if tokens are valid: true, expires at: 1771685636310
[2026-02-21T13:57:59.370Z] >>> [apiv2][query] GET https://firebasehosting.googleapis.com/v1beta1/projects/healthsense-ai-prod-478/sites 
[2026-02-21T13:58:00.021Z] <<< [apiv2][status] GET https://firebasehosting.googleapis.com/v1beta1/projects/healthsense-ai-prod-478/sites 200
[2026-02-21T13:58:00.022Z] <<< [apiv2][body] GET https://firebasehosting.googleapis.com/v1beta1/projects/healthsense-ai-prod-478/sites {"sites":[{"name":"projects/healthsense-ai-prod-478/sites/healthsense-ai-prod-478","defaultUrl":"https://healthsense-ai-prod-478.web.app","type":"DEFAULT_SITE"}]}
[2026-02-21T13:58:00.022Z] Checked if tokens are valid: true, expires at: 1771685636310
[2026-02-21T13:58:00.022Z] Checked if tokens are valid: true, expires at: 1771685636310
[2026-02-21T13:58:00.022Z] >>> [apiv2][query] GET https://firebase.googleapis.com/v1beta1/projects/healthsense-ai-prod-478/webApps/-/config [none]
[2026-02-21T13:58:01.058Z] <<< [apiv2][status] GET https://firebase.googleapis.com/v1beta1/projects/healthsense-ai-prod-478/webApps/-/config 200
[2026-02-21T13:58:01.058Z] <<< [apiv2][body] GET https://firebase.googleapis.com/v1beta1/projects/healthsense-ai-prod-478/webApps/-/config {"projectId":"healthsense-ai-prod-478","appId":"1:218534686639:web:ea566353997d51f20f095a","storageBucket":"healthsense-ai-prod-478.firebasestorage.app","apiKey":"AIzaSyAbB9nApBU481q3Mdn4EK_awx-wt5VF1r4","authDomain":"healthsense-ai-prod-478.firebaseapp.com","messagingSenderId":"218534686639","projectNumber":"218534686639","version":"2"}
No Firebase app associated with site 
healthsense-ai-prod-478, injecting project 
default config.
  You can link a Web app to a Hosting site here ht
tps://console.firebase.google.com/project/healthse
nse-ai-prod-478/settings/general/web

   Thank you for trying our early preview of Next.js support on Firebase Hosting.
   During the preview, support is best-effort and breaking changes can be expected. Proceed with caution.
   The integration is known to work with Next.js version 12 - 15.0. You may encounter errors.

   Documentation: https://firebase.google.com/docs/hosting/frameworks/nextjs
   File a bug: https://github.com/firebase/firebase-tools/issues/new?template=bug_report.md
   Submit a feature request: https://github.com/firebase/firebase-tools/issues/new?template=feature_request.md

   We'd love to learn from you. Express your interest in helping us shape the future of Firebase Hosting: https://goo.gle/41enW5X

[2026-02-21T13:58:07.470Z] Checked if tokens are valid: true, expires at: 1771685636310
[2026-02-21T13:58:07.470Z] Checked if tokens are valid: true, expires at: 1771685636310
[2026-02-21T13:58:07.470Z] >>> [apiv2][query] GET https://firebasehosting.googleapis.com/v1beta1/projects/healthsense-ai-prod-478/sites/healthsense-ai-prod-478 [none]
[2026-02-21T13:58:08.711Z] <<< [apiv2][status] GET https://firebasehosting.googleapis.com/v1beta1/projects/healthsense-ai-prod-478/sites/healthsense-ai-prod-478 200
[2026-02-21T13:58:08.711Z] <<< [apiv2][body] GET https://firebasehosting.googleapis.com/v1beta1/projects/healthsense-ai-prod-478/sites/healthsense-ai-prod-478 {"name":"projects/healthsense-ai-prod-478/sites/healthsense-ai-prod-478","defaultUrl":"https://healthsense-ai-prod-478.web.app","type":"DEFAULT_SITE"}
Γû▓ Next.js 16.1.6 (Turbopack)

- Environments: .env.local


  Creating an optimized production build ...



[196.01ms] [@tailwindcss/postcss] src\app\globals.css
[  0.06ms]   Γå│ Quick bail check
[ 45.36ms]   Γå│ Setup compiler
[  0.40ms]     Γå│ PostCSS AST -> Tailwind CSS AST
[ 44.91ms]     Γå│ Create compiler
[  0.55ms]   Γå│ Register full rebuild paths

[  1.91ms]   Γå│ Setup scanner
[ 35.52ms]   Γå│ Scan for candidates
[ 14.45ms]   Γå│ Register dependency messages
[ 58.27ms]   Γå│ Build utilities

[ 33.18ms]   Γå│ Optimization
[  1.23ms]     Γå│ AST -> CSS

[ 19.42ms]     Γå│ Lightning CSS

[ 12.49ms]     Γå│ CSS -> PostCSS AST

[  6.27ms]   Γå│ Update PostCSS AST



Γ£ô Compiled successfully in 13.6s

  Running TypeScript ...

  Collecting page data using 15 workers ...

  Generating static pages using 15 workers (0/3) ...

Γ£ô Generating static pages using 15 workers (3/3) in 517.6ms

  Finalizing page optimization ...



Route (app)
Γöî Γùï /_not-found
Γö£ ╞Æ /[locale]
Γö£ ╞Æ /[locale]/cough-analysis
Γö£ ╞Æ /[locale]/dashboard
Γö£ ╞Æ /[locale]/health-trends
Γö£ ╞Æ /[locale]/login
Γö£ ╞Æ /[locale]/mental-health-screen
Γö£ ╞Æ /[locale]/people
Γö£ ╞Æ /[locale]/signup
Γö£ ╞Æ /[locale]/skin-scan
Γöö ╞Æ /[locale]/vision-scan


╞Æ Proxy (Middleware)


Γùï  (Static)   prerendered as static content
╞Æ  (Dynamic)  server-rendered on demand


Building a Cloud Function to run this application. This is needed due to:
 ΓÇó non-static component /[locale]/cough-analysis/page
 ΓÇó non-static component /[locale]/dashboard/page
 ΓÇó non-static component /[locale]/health-trends/page
 ΓÇó non-static component /[locale]/login/page
 ΓÇó non-static component /[locale]/mental-health-screen/page
[2026-02-21T13:58:36.005Z]  ΓÇó non-static component /[locale]/page
[2026-02-21T13:58:36.005Z]  ΓÇó non-static component /[locale]/people/page
[2026-02-21T13:58:36.005Z]  ΓÇó non-static component /[locale]/signup/page
[2026-02-21T13:58:36.005Z]  ΓÇó non-static component /[locale]/skin-scan/page
[2026-02-21T13:58:36.005Z]  ΓÇó non-static component /[locale]/vision-scan/page
[2026-02-21T13:58:36.005Z]  ΓÇó route with server action /[locale]/cough-analysis
[2026-02-21T13:58:36.005Z]  ΓÇó route with server action /[locale]/dashboard
[2026-02-21T13:58:36.005Z]  ΓÇó route with server action /[locale]/health-trends
[2026-02-21T13:58:36.005Z]  ΓÇó route with server action /[locale]/login
[2026-02-21T13:58:36.006Z]  ΓÇó route with server action /[locale]/mental-health-screen
[2026-02-21T13:58:36.006Z]  ΓÇó route with server action /[locale]
[2026-02-21T13:58:36.006Z]  ΓÇó route with server action /[locale]/people
[2026-02-21T13:58:36.006Z]  ΓÇó route with server action /[locale]/signup
[2026-02-21T13:58:36.006Z]  ΓÇó route with server action /[locale]/skin-scan
[2026-02-21T13:58:36.006Z]  ΓÇó route with server action /[locale]/vision-scan

[2026-02-21T13:58:36.386Z] Checked if tokens are valid: true, expires at: 1771685636310
[2026-02-21T13:58:36.386Z] Checked if tokens are valid: true, expires at: 1771685636310
[2026-02-21T13:58:36.386Z] >>> [apiv2][query] GET https://firebasehosting.googleapis.com/v1beta1/projects/healthsense-ai-prod-478/sites/healthsense-ai-prod-478 [none]
[2026-02-21T13:58:37.634Z] <<< [apiv2][status] GET https://firebasehosting.googleapis.com/v1beta1/projects/healthsense-ai-prod-478/sites/healthsense-ai-prod-478 200
[2026-02-21T13:58:37.635Z] <<< [apiv2][body] GET https://firebasehosting.googleapis.com/v1beta1/projects/healthsense-ai-prod-478/sites/healthsense-ai-prod-478 {"name":"projects/healthsense-ai-prod-478/sites/healthsense-ai-prod-478","defaultUrl":"https://healthsense-ai-prod-478.web.app","type":"DEFAULT_SITE"}
npm warn EBADENGINE Unsupported engine {
npm warn EBADENGINE   package: 
'firebase-frameworks@0.11.8',
npm warn EBADENGINE   required: { node: '^16.0.0 
|| ^18.0.0 || ^20.0.0 || ^22.0.0' },
npm warn EBADENGINE   current: { node: 
'v24.13.1', npm: '11.8.0' }
npm warn EBADENGINE }

up to date in 5s

83 packages are looking for funding
  run `npm fund` for details
[2026-02-21T13:58:45.264Z] [web frameworks] effective firebase.json:  {
  "hosting": [
    {
      "site": "healthsense-ai-prod-478",
      "source": ".",
      "ignore": [
        "firebase.json",
        "**/.*",
        "**/node_modules/**"
      ],
      "frameworksBackend": {
        "region": "us-central1"
      },
      "rewrites": [
        {
          "source": "/**",
          "function": {
            "functionId": "ssrhealthsenseaiprod478",
            "region": "us-central1",
            "pinTag": true
          }
        }
      ],
      "redirects": [],
      "headers": [
        {
          "source": "/_global-error",
          "headers": [
            {
              "key": "x-nextjs-stale-time",
              "value": "300"
            },
            {
              "key": "x-nextjs-prerender",
              "value": "1"
            },
            {
              "key": "x-next-cache-tags",
              "value": "_N_T_/layout,_N_T_/_global-error/layout,_N_T_/_global-error/page,_N_T_/_global-error"
            }
          ]
        },
        {
          "source": "/favicon.ico",
          "headers": [
            {
              "key": "cache-control",
              "value": "public, max-age=0, must-revalidate"
            },
            {
              "key": "content-type",
              "value": "image/x-icon"
            },
            {
              "key": "x-next-cache-tags",
              "value": "_N_T_/layout,_N_T_/favicon.ico/layout,_N_T_/favicon.ico/route,_N_T_/favicon.ico"
            }
          ]
        },
        {
          "source": "/_not-found",
          "headers": [
            {
              "key": "x-nextjs-stale-time",
              "value": "300"
            },
            {
              "key": "x-nextjs-prerender",
              "value": "1"
            },
            {
              "key": "x-next-cache-tags",
              "value": "_N_T_/layout,_N_T_/_not-found/layout,_N_T_/_not-found/page,_N_T_/_not-found"
            }
          ]
        },
        {
          "source": "/**/*.[jt]s",
          "headers": [
            {
              "key": "Set-Cookie",
              "value": "__FIREBASE_DEFAULTS__=eyJjb25maWciOnsicHJvamVjdElkIjoiaGVhbHRoc2Vuc2UtYWktcHJvZC00NzgiLCJhcHBJZCI6IjE6MjE4NTM0Njg2NjM5OndlYjplYTU2NjM1Mzk5N2Q1MWYyMGYwOTVhIiwic3RvcmFnZUJ1Y2tldCI6ImhlYWx0aHNlbnNlLWFpLXByb2QtNDc4LmZpcmViYXNlc3RvcmFnZS5hcHAiLCJhcGlLZXkiOiJBSXphU3lBYkI5bkFwQlU0ODFxM01kbjRFS19hd3gtd3Q1VkYxcjQiLCJhdXRoRG9tYWluIjoiaGVhbHRoc2Vuc2UtYWktcHJvZC00NzguZmlyZWJhc2VhcHAuY29tIiwibWVzc2FnaW5nU2VuZGVySWQiOiIyMTg1MzQ2ODY2MzkiLCJwcm9qZWN0TnVtYmVyIjoiMjE4NTM0Njg2NjM5IiwidmVyc2lvbiI6IjIifSwiX2F1dGhUb2tlblN5bmNVUkwiOiIvX19zZXNzaW9uIn0; SameSite=Strict; Expires=2028-01-17T00:38:45.264Z; Path=/;"
            }
          ]
        }
      ],
      "cleanUrls": true,
      "trailingSlash": false,
      "public": ".firebase\\healthsense-ai-prod-478\\hosting",
      "webFramework": "next_ssr"
    }
  ],
  "functions": [
    {
      "source": ".firebase\\healthsense-ai-prod-478\\functions",
      "codebase": "firebase-frameworks-healthsense-ai-prod-478"
    }
  ]
}
[2026-02-21T13:58:45.265Z] > command requires scopes: ["email","openid","https://www.googleapis.com/auth/cloudplatformprojects.readonly","https://www.googleapis.com/auth/firebase","https://www.googleapis.com/auth/cloud-platform"]
[2026-02-21T13:58:45.265Z] > authorizing via signed-in user (dewangankrrish50@gmail.com)
[2026-02-21T13:58:45.265Z] [iam] checking project healthsense-ai-prod-478 for permissions ["cloudfunctions.functions.create","cloudfunctions.functions.delete","cloudfunctions.functions.get","cloudfunctions.functions.list","cloudfunctions.functions.update","cloudfunctions.operations.get","firebase.projects.get"]
[2026-02-21T13:58:45.265Z] Checked if tokens are valid: true, expires at: 1771685636310
[2026-02-21T13:58:45.265Z] Checked if tokens are valid: true, expires at: 1771685636310
[2026-02-21T13:58:45.265Z] >>> [apiv2][query] POST https://cloudresourcemanager.googleapis.com/v1/projects/healthsense-ai-prod-478:testIamPermissions [none]
[2026-02-21T13:58:45.265Z] >>> [apiv2][(partial)header] POST https://cloudresourcemanager.googleapis.com/v1/projects/healthsense-ai-prod-478:testIamPermissions  x-goog-user-project=healthsense-ai-prod-478
[2026-02-21T13:58:45.265Z] >>> [apiv2][body] POST https://cloudresourcemanager.googleapis.com/v1/projects/healthsense-ai-prod-478:testIamPermissions {"permissions":["cloudfunctions.functions.create","cloudfunctions.functions.delete","cloudfunctions.functions.get","cloudfunctions.functions.list","cloudfunctions.functions.update","cloudfunctions.operations.get","firebase.projects.get"]}
[2026-02-21T13:58:46.799Z] <<< [apiv2][status] POST https://cloudresourcemanager.googleapis.com/v1/projects/healthsense-ai-prod-478:testIamPermissions 200
[2026-02-21T13:58:46.799Z] <<< [apiv2][body] POST https://cloudresourcemanager.googleapis.com/v1/projects/healthsense-ai-prod-478:testIamPermissions {"permissions":["cloudfunctions.functions.create","cloudfunctions.functions.delete","cloudfunctions.functions.get","cloudfunctions.functions.list","cloudfunctions.functions.update","cloudfunctions.operations.get","firebase.projects.get"]}
[2026-02-21T13:58:46.800Z] Checked if tokens are valid: true, expires at: 1771685636310
[2026-02-21T13:58:46.801Z] Checked if tokens are valid: true, expires at: 1771685636310
[2026-02-21T13:58:46.801Z] >>> [apiv2][query] GET https://cloudfunctions.googleapis.com/v1/projects/healthsense-ai-prod-478/locations/-/functions [none]
[2026-02-21T13:58:47.166Z] <<< [apiv2][status] GET https://cloudfunctions.googleapis.com/v1/projects/healthsense-ai-prod-478/locations/-/functions 403
[2026-02-21T13:58:47.166Z] <<< [apiv2][body] GET https://cloudfunctions.googleapis.com/v1/projects/healthsense-ai-prod-478/locations/-/functions {"error":{"code":403,"message":"Cloud Functions API has not been used in project healthsense-ai-prod-478 before or it is disabled. Enable it by visiting https://console.developers.google.com/apis/api/cloudfunctions.googleapis.com/overview?project=healthsense-ai-prod-478 then retry. If you enabled this API recently, wait a few minutes for the action to propagate to our systems and retry.","status":"PERMISSION_DENIED","details":[{"@type":"type.googleapis.com/google.rpc.ErrorInfo","reason":"SERVICE_DISABLED","domain":"googleapis.com","metadata":{"containerInfo":"healthsense-ai-prod-478","consumer":"projects/healthsense-ai-prod-478","serviceTitle":"Cloud Functions API","service":"cloudfunctions.googleapis.com","activationUrl":"https://console.developers.google.com/apis/api/cloudfunctions.googleapis.com/overview?project=healthsense-ai-prod-478"}},{"@type":"type.googleapis.com/google.rpc.LocalizedMessage","locale":"en-US","message":"Cloud Functions API has not been used in project healthsense-ai-prod-478 before or it is disabled. Enable it by visiting https://console.developers.google.com/apis/api/cloudfunctions.googleapis.com/overview?project=healthsense-ai-prod-478 then retry. If you enabled this API recently, wait a few minutes for the action to propagate to our systems and retry."},{"@type":"type.googleapis.com/google.rpc.Help","links":[{"description":"Google developers console API activation","url":"https://console.developers.google.com/apis/api/cloudfunctions.googleapis.com/overview?project=healthsense-ai-prod-478"}]}]}}
[2026-02-21T13:58:47.168Z] [functions] failed to list functions for healthsense-ai-prod-478
[2026-02-21T13:58:47.168Z] [functions] Request to https://cloudfunctions.googleapis.com/v1/projects/healthsense-ai-prod-478/locations/-/functions had HTTP Error: 403, Cloud Functions API has not been used in project healthsense-ai-prod-478 before or it is disabled. Enable it by visiting https://console.developers.google.com/apis/api/cloudfunctions.googleapis.com/overview?project=healthsense-ai-prod-478 then retry. If you enabled this API recently, wait a few minutes for the action to propagate to our systems and retry.
[2026-02-21T13:58:47.530Z] FirebaseError: Request to https://cloudfunctions.googleapis.com/v1/projects/healthsense-ai-prod-478/locations/-/functions had HTTP Error: 403, Cloud Functions API has not been used in project healthsense-ai-prod-478 before or it is disabled. Enable it by visiting https://console.developers.google.com/apis/api/cloudfunctions.googleapis.com/overview?project=healthsense-ai-prod-478 then retry. If you enabled this API recently, wait a few minutes for the action to propagate to our systems and retry.
    at responseToError (C:\Users\Krrish\AppData\Local\npm-cache\_npx\7750544ccf494d8b\node_modules\firebase-tools\lib\responseToError.js:53:12)
    at RetryOperation._fn (C:\Users\Krrish\AppData\Local\npm-cache\_npx\7750544ccf494d8b\node_modules\firebase-tools\lib\apiv2.js:330:77)
    at process.processTicksAndRejections (node:internal/process/task_queues:103:5)

Error: Failed to list functions for healthsense-ai-prod-478
