[debug] [2026-02-21T13:57:51.153Z] ----------------------------------------------------------------------
[debug] [2026-02-21T13:57:51.156Z] Command:       C:\Program Files\nodejs\node.exe C:\Users\Krrish\AppData\Local\npm-cache\_npx\7750544ccf494d8b\node_modules\firebase-tools\lib\bin\firebase.js deploy --only hosting -m Deploying PulseCheck AI --debug
[debug] [2026-02-21T13:57:51.156Z] CLI Version:   15.7.0
[debug] [2026-02-21T13:57:51.156Z] Platform:      win32
[debug] [2026-02-21T13:57:51.156Z] Node Version:  v24.13.1
[debug] [2026-02-21T13:57:51.156Z] Time:          Sat Feb 21 2026 19:27:51 GMT+0530 (India Standard Time)
[debug] [2026-02-21T13:57:51.157Z] ----------------------------------------------------------------------
[debug] 
[debug] [2026-02-21T13:57:52.626Z] > command requires scopes: ["email","openid","https://www.googleapis.com/auth/cloudplatformprojects.readonly","https://www.googleapis.com/auth/firebase","https://www.googleapis.com/auth/cloud-platform"]
[debug] [2026-02-21T13:57:52.627Z] > authorizing via signed-in user (dewangankrrish50@gmail.com)
[debug] [2026-02-21T13:57:52.627Z] [iam] checking project healthsense-ai-prod-478 for permissions ["firebase.projects.get","firebasehosting.sites.update"]
[debug] [2026-02-21T13:57:52.629Z] Checked if tokens are valid: true, expires at: 1771685636310
[debug] [2026-02-21T13:57:52.629Z] Checked if tokens are valid: true, expires at: 1771685636310
[debug] [2026-02-21T13:57:52.630Z] >>> [apiv2][query] POST https://cloudresourcemanager.googleapis.com/v1/projects/healthsense-ai-prod-478:testIamPermissions [none]
[debug] [2026-02-21T13:57:52.630Z] >>> [apiv2][(partial)header] POST https://cloudresourcemanager.googleapis.com/v1/projects/healthsense-ai-prod-478:testIamPermissions  x-goog-user-project=healthsense-ai-prod-478
[debug] [2026-02-21T13:57:52.631Z] >>> [apiv2][body] POST https://cloudresourcemanager.googleapis.com/v1/projects/healthsense-ai-prod-478:testIamPermissions {"permissions":["firebase.projects.get","firebasehosting.sites.update"]}
[debug] [2026-02-21T13:57:54.301Z] <<< [apiv2][status] POST https://cloudresourcemanager.googleapis.com/v1/projects/healthsense-ai-prod-478:testIamPermissions 200
[debug] [2026-02-21T13:57:54.301Z] <<< [apiv2][body] POST https://cloudresourcemanager.googleapis.com/v1/projects/healthsense-ai-prod-478:testIamPermissions {"permissions":["firebase.projects.get","firebasehosting.sites.update"]}
[debug] [2026-02-21T13:57:54.301Z] Checked if tokens are valid: true, expires at: 1771685636310
[debug] [2026-02-21T13:57:54.301Z] Checked if tokens are valid: true, expires at: 1771685636310
[debug] [2026-02-21T13:57:54.302Z] >>> [apiv2][query] GET https://firebase.googleapis.com/v1beta1/projects/healthsense-ai-prod-478 [none]
[debug] [2026-02-21T13:57:54.939Z] <<< [apiv2][status] GET https://firebase.googleapis.com/v1beta1/projects/healthsense-ai-prod-478 200
[debug] [2026-02-21T13:57:54.939Z] <<< [apiv2][body] GET https://firebase.googleapis.com/v1beta1/projects/healthsense-ai-prod-478 {"projectId":"healthsense-ai-prod-478","projectNumber":"218534686639","displayName":"HealthSense AI Production","name":"projects/healthsense-ai-prod-478","resources":{"hostingSite":"healthsense-ai-prod-478"},"state":"ACTIVE","etag":"1_0045178e-9c57-4e0b-82a7-f78d356c5f15"}
[debug] [2026-02-21T13:57:58.009Z] defaultcredentials: writing to file C:\Users\Krrish\AppData\Roaming\firebase\dewangankrrish50_gmail_com_application_default_credentials.json
[debug] [2026-02-21T13:57:58.011Z] Checked if tokens are valid: true, expires at: 1771685636310
[debug] [2026-02-21T13:57:58.011Z] Checked if tokens are valid: true, expires at: 1771685636310
[debug] [2026-02-21T13:57:58.011Z] >>> [apiv2][query] GET https://firebasehosting.googleapis.com/v1beta1/projects/healthsense-ai-prod-478/sites pageToken=&pageSize=10
[debug] [2026-02-21T13:57:59.369Z] <<< [apiv2][status] GET https://firebasehosting.googleapis.com/v1beta1/projects/healthsense-ai-prod-478/sites 200
[debug] [2026-02-21T13:57:59.369Z] <<< [apiv2][body] GET https://firebasehosting.googleapis.com/v1beta1/projects/healthsense-ai-prod-478/sites {"sites":[{"name":"projects/healthsense-ai-prod-478/sites/healthsense-ai-prod-478","defaultUrl":"https://healthsense-ai-prod-478.web.app","type":"DEFAULT_SITE"}]}
[debug] [2026-02-21T13:57:59.370Z] Checked if tokens are valid: true, expires at: 1771685636310
[debug] [2026-02-21T13:57:59.370Z] Checked if tokens are valid: true, expires at: 1771685636310
[debug] [2026-02-21T13:57:59.370Z] >>> [apiv2][query] GET https://firebasehosting.googleapis.com/v1beta1/projects/healthsense-ai-prod-478/sites 
[debug] [2026-02-21T13:58:00.021Z] <<< [apiv2][status] GET https://firebasehosting.googleapis.com/v1beta1/projects/healthsense-ai-prod-478/sites 200
[debug] [2026-02-21T13:58:00.022Z] <<< [apiv2][body] GET https://firebasehosting.googleapis.com/v1beta1/projects/healthsense-ai-prod-478/sites {"sites":[{"name":"projects/healthsense-ai-prod-478/sites/healthsense-ai-prod-478","defaultUrl":"https://healthsense-ai-prod-478.web.app","type":"DEFAULT_SITE"}]}
[debug] [2026-02-21T13:58:00.022Z] Checked if tokens are valid: true, expires at: 1771685636310
[debug] [2026-02-21T13:58:00.022Z] Checked if tokens are valid: true, expires at: 1771685636310
[debug] [2026-02-21T13:58:00.022Z] >>> [apiv2][query] GET https://firebase.googleapis.com/v1beta1/projects/healthsense-ai-prod-478/webApps/-/config [none]
[debug] [2026-02-21T13:58:01.058Z] <<< [apiv2][status] GET https://firebase.googleapis.com/v1beta1/projects/healthsense-ai-prod-478/webApps/-/config 200
[debug] [2026-02-21T13:58:01.058Z] <<< [apiv2][body] GET https://firebase.googleapis.com/v1beta1/projects/healthsense-ai-prod-478/webApps/-/config {"projectId":"healthsense-ai-prod-478","appId":"1:218534686639:web:ea566353997d51f20f095a","storageBucket":"healthsense-ai-prod-478.firebasestorage.app","apiKey":"AIzaSyAbB9nApBU481q3Mdn4EK_awx-wt5VF1r4","authDomain":"healthsense-ai-prod-478.firebaseapp.com","messagingSenderId":"218534686639","projectNumber":"218534686639","version":"2"}
[info] 
   Thank you for trying our early preview of Next.js support on Firebase Hosting.
   During the preview, support is best-effort and breaking changes can be expected. Proceed with caution.
   The integration is known to work with Next.js version 12 - 15.0. You may encounter errors.

   Documentation: https://firebase.google.com/docs/hosting/frameworks/nextjs
   File a bug: https://github.com/firebase/firebase-tools/issues/new?template=bug_report.md
   Submit a feature request: https://github.com/firebase/firebase-tools/issues/new?template=feature_request.md

   We'd love to learn from you. Express your interest in helping us shape the future of Firebase Hosting: https://goo.gle/41enW5X

[debug] [2026-02-21T13:58:07.470Z] Checked if tokens are valid: true, expires at: 1771685636310
[debug] [2026-02-21T13:58:07.470Z] Checked if tokens are valid: true, expires at: 1771685636310
[debug] [2026-02-21T13:58:07.470Z] >>> [apiv2][query] GET https://firebasehosting.googleapis.com/v1beta1/projects/healthsense-ai-prod-478/sites/healthsense-ai-prod-478 [none]
[debug] [2026-02-21T13:58:08.711Z] <<< [apiv2][status] GET https://firebasehosting.googleapis.com/v1beta1/projects/healthsense-ai-prod-478/sites/healthsense-ai-prod-478 200
[debug] [2026-02-21T13:58:08.711Z] <<< [apiv2][body] GET https://firebasehosting.googleapis.com/v1beta1/projects/healthsense-ai-prod-478/sites/healthsense-ai-prod-478 {"name":"projects/healthsense-ai-prod-478/sites/healthsense-ai-prod-478","defaultUrl":"https://healthsense-ai-prod-478.web.app","type":"DEFAULT_SITE"}
[info] ▲ Next.js 16.1.6 (Turbopack)

[info] - Environments: .env.local


[info]   Creating an optimized production build ...

[info] 

[info] [196.01ms] [@tailwindcss/postcss] src\app\globals.css
[  0.06ms]   ↳ Quick bail check
[ 45.36ms]   ↳ Setup compiler
[  0.40ms]     ↳ PostCSS AST -> Tailwind CSS AST
[ 44.91ms]     ↳ Create compiler
[  0.55ms]   ↳ Register full rebuild paths

[info] [  1.91ms]   ↳ Setup scanner
[ 35.52ms]   ↳ Scan for candidates
[ 14.45ms]   ↳ Register dependency messages
[ 58.27ms]   ↳ Build utilities

[info] [ 33.18ms]   ↳ Optimization
[  1.23ms]     ↳ AST -> CSS

[info] [ 19.42ms]     ↳ Lightning CSS

[info] [ 12.49ms]     ↳ CSS -> PostCSS AST

[info] [  6.27ms]   ↳ Update PostCSS AST

[info] 

[info] ✓ Compiled successfully in 13.6s

[info]   Running TypeScript ...

[info]   Collecting page data using 15 workers ...

[info]   Generating static pages using 15 workers (0/3) ...

[info] ✓ Generating static pages using 15 workers (3/3) in 517.6ms

[info]   Finalizing page optimization ...

[info] 

[info] Route (app)
┌ ○ /_not-found
├ ƒ /[locale]
├ ƒ /[locale]/cough-analysis
├ ƒ /[locale]/dashboard
├ ƒ /[locale]/health-trends
├ ƒ /[locale]/login
├ ƒ /[locale]/mental-health-screen
├ ƒ /[locale]/people
├ ƒ /[locale]/signup
├ ƒ /[locale]/skin-scan
└ ƒ /[locale]/vision-scan


ƒ Proxy (Middleware)

[info] 
○  (Static)   prerendered as static content
ƒ  (Dynamic)  server-rendered on demand


[info] Building a Cloud Function to run this application. This is needed due to:
[info]  • non-static component /[locale]/cough-analysis/page
[info]  • non-static component /[locale]/dashboard/page
[info]  • non-static component /[locale]/health-trends/page
[info]  • non-static component /[locale]/login/page
[info]  • non-static component /[locale]/mental-health-screen/page
[debug] [2026-02-21T13:58:36.005Z]  • non-static component /[locale]/page
[debug] [2026-02-21T13:58:36.005Z]  • non-static component /[locale]/people/page
[debug] [2026-02-21T13:58:36.005Z]  • non-static component /[locale]/signup/page
[debug] [2026-02-21T13:58:36.005Z]  • non-static component /[locale]/skin-scan/page
[debug] [2026-02-21T13:58:36.005Z]  • non-static component /[locale]/vision-scan/page
[debug] [2026-02-21T13:58:36.005Z]  • route with server action /[locale]/cough-analysis
[debug] [2026-02-21T13:58:36.005Z]  • route with server action /[locale]/dashboard
[debug] [2026-02-21T13:58:36.005Z]  • route with server action /[locale]/health-trends
[debug] [2026-02-21T13:58:36.005Z]  • route with server action /[locale]/login
[debug] [2026-02-21T13:58:36.006Z]  • route with server action /[locale]/mental-health-screen
[debug] [2026-02-21T13:58:36.006Z]  • route with server action /[locale]
[debug] [2026-02-21T13:58:36.006Z]  • route with server action /[locale]/people
[debug] [2026-02-21T13:58:36.006Z]  • route with server action /[locale]/signup
[debug] [2026-02-21T13:58:36.006Z]  • route with server action /[locale]/skin-scan
[debug] [2026-02-21T13:58:36.006Z]  • route with server action /[locale]/vision-scan
[info] 
[debug] [2026-02-21T13:58:36.386Z] Checked if tokens are valid: true, expires at: 1771685636310
[debug] [2026-02-21T13:58:36.386Z] Checked if tokens are valid: true, expires at: 1771685636310
[debug] [2026-02-21T13:58:36.386Z] >>> [apiv2][query] GET https://firebasehosting.googleapis.com/v1beta1/projects/healthsense-ai-prod-478/sites/healthsense-ai-prod-478 [none]
[debug] [2026-02-21T13:58:37.634Z] <<< [apiv2][status] GET https://firebasehosting.googleapis.com/v1beta1/projects/healthsense-ai-prod-478/sites/healthsense-ai-prod-478 200
[debug] [2026-02-21T13:58:37.635Z] <<< [apiv2][body] GET https://firebasehosting.googleapis.com/v1beta1/projects/healthsense-ai-prod-478/sites/healthsense-ai-prod-478 {"name":"projects/healthsense-ai-prod-478/sites/healthsense-ai-prod-478","defaultUrl":"https://healthsense-ai-prod-478.web.app","type":"DEFAULT_SITE"}
[debug] [2026-02-21T13:58:45.264Z] [web frameworks] effective firebase.json:  {
  "hosting": [
    {
      "site": "healthsense-ai-prod-478",
      "source": ".",
      "ignore": [
        "firebase.json",
        "**/.*",
        "**/node_modules/**"
      ],
      "frameworksBackend": {
        "region": "us-central1"
      },
      "rewrites": [
        {
          "source": "/**",
          "function": {
            "functionId": "ssrhealthsenseaiprod478",
            "region": "us-central1",
            "pinTag": true
          }
        }
      ],
      "redirects": [],
      "headers": [
        {
          "source": "/_global-error",
          "headers": [
            {
              "key": "x-nextjs-stale-time",
              "value": "300"
            },
            {
              "key": "x-nextjs-prerender",
              "value": "1"
            },
            {
              "key": "x-next-cache-tags",
              "value": "_N_T_/layout,_N_T_/_global-error/layout,_N_T_/_global-error/page,_N_T_/_global-error"
            }
          ]
        },
        {
          "source": "/favicon.ico",
          "headers": [
            {
              "key": "cache-control",
              "value": "public, max-age=0, must-revalidate"
            },
            {
              "key": "content-type",
              "value": "image/x-icon"
            },
            {
              "key": "x-next-cache-tags",
              "value": "_N_T_/layout,_N_T_/favicon.ico/layout,_N_T_/favicon.ico/route,_N_T_/favicon.ico"
            }
          ]
        },
        {
          "source": "/_not-found",
          "headers": [
            {
              "key": "x-nextjs-stale-time",
              "value": "300"
            },
            {
              "key": "x-nextjs-prerender",
              "value": "1"
            },
            {
              "key": "x-next-cache-tags",
              "value": "_N_T_/layout,_N_T_/_not-found/layout,_N_T_/_not-found/page,_N_T_/_not-found"
            }
          ]
        },
        {
          "source": "/**/*.[jt]s",
          "headers": [
            {
              "key": "Set-Cookie",
              "value": "__FIREBASE_DEFAULTS__=eyJjb25maWciOnsicHJvamVjdElkIjoiaGVhbHRoc2Vuc2UtYWktcHJvZC00NzgiLCJhcHBJZCI6IjE6MjE4NTM0Njg2NjM5OndlYjplYTU2NjM1Mzk5N2Q1MWYyMGYwOTVhIiwic3RvcmFnZUJ1Y2tldCI6ImhlYWx0aHNlbnNlLWFpLXByb2QtNDc4LmZpcmViYXNlc3RvcmFnZS5hcHAiLCJhcGlLZXkiOiJBSXphU3lBYkI5bkFwQlU0ODFxM01kbjRFS19hd3gtd3Q1VkYxcjQiLCJhdXRoRG9tYWluIjoiaGVhbHRoc2Vuc2UtYWktcHJvZC00NzguZmlyZWJhc2VhcHAuY29tIiwibWVzc2FnaW5nU2VuZGVySWQiOiIyMTg1MzQ2ODY2MzkiLCJwcm9qZWN0TnVtYmVyIjoiMjE4NTM0Njg2NjM5IiwidmVyc2lvbiI6IjIifSwiX2F1dGhUb2tlblN5bmNVUkwiOiIvX19zZXNzaW9uIn0; SameSite=Strict; Expires=2028-01-17T00:38:45.264Z; Path=/;"
            }
          ]
        }
      ],
      "cleanUrls": true,
      "trailingSlash": false,
      "public": ".firebase\\healthsense-ai-prod-478\\hosting",
      "webFramework": "next_ssr"
    }
  ],
  "functions": [
    {
      "source": ".firebase\\healthsense-ai-prod-478\\functions",
      "codebase": "firebase-frameworks-healthsense-ai-prod-478"
    }
  ]
}
[debug] [2026-02-21T13:58:45.265Z] > command requires scopes: ["email","openid","https://www.googleapis.com/auth/cloudplatformprojects.readonly","https://www.googleapis.com/auth/firebase","https://www.googleapis.com/auth/cloud-platform"]
[debug] [2026-02-21T13:58:45.265Z] > authorizing via signed-in user (dewangankrrish50@gmail.com)
[debug] [2026-02-21T13:58:45.265Z] [iam] checking project healthsense-ai-prod-478 for permissions ["cloudfunctions.functions.create","cloudfunctions.functions.delete","cloudfunctions.functions.get","cloudfunctions.functions.list","cloudfunctions.functions.update","cloudfunctions.operations.get","firebase.projects.get"]
[debug] [2026-02-21T13:58:45.265Z] Checked if tokens are valid: true, expires at: 1771685636310
[debug] [2026-02-21T13:58:45.265Z] Checked if tokens are valid: true, expires at: 1771685636310
[debug] [2026-02-21T13:58:45.265Z] >>> [apiv2][query] POST https://cloudresourcemanager.googleapis.com/v1/projects/healthsense-ai-prod-478:testIamPermissions [none]
[debug] [2026-02-21T13:58:45.265Z] >>> [apiv2][(partial)header] POST https://cloudresourcemanager.googleapis.com/v1/projects/healthsense-ai-prod-478:testIamPermissions  x-goog-user-project=healthsense-ai-prod-478
[debug] [2026-02-21T13:58:45.265Z] >>> [apiv2][body] POST https://cloudresourcemanager.googleapis.com/v1/projects/healthsense-ai-prod-478:testIamPermissions {"permissions":["cloudfunctions.functions.create","cloudfunctions.functions.delete","cloudfunctions.functions.get","cloudfunctions.functions.list","cloudfunctions.functions.update","cloudfunctions.operations.get","firebase.projects.get"]}
[debug] [2026-02-21T13:58:46.799Z] <<< [apiv2][status] POST https://cloudresourcemanager.googleapis.com/v1/projects/healthsense-ai-prod-478:testIamPermissions 200
[debug] [2026-02-21T13:58:46.799Z] <<< [apiv2][body] POST https://cloudresourcemanager.googleapis.com/v1/projects/healthsense-ai-prod-478:testIamPermissions {"permissions":["cloudfunctions.functions.create","cloudfunctions.functions.delete","cloudfunctions.functions.get","cloudfunctions.functions.list","cloudfunctions.functions.update","cloudfunctions.operations.get","firebase.projects.get"]}
[debug] [2026-02-21T13:58:46.800Z] Checked if tokens are valid: true, expires at: 1771685636310
[debug] [2026-02-21T13:58:46.801Z] Checked if tokens are valid: true, expires at: 1771685636310
[debug] [2026-02-21T13:58:46.801Z] >>> [apiv2][query] GET https://cloudfunctions.googleapis.com/v1/projects/healthsense-ai-prod-478/locations/-/functions [none]
[debug] [2026-02-21T13:58:47.166Z] <<< [apiv2][status] GET https://cloudfunctions.googleapis.com/v1/projects/healthsense-ai-prod-478/locations/-/functions 403
[debug] [2026-02-21T13:58:47.166Z] <<< [apiv2][body] GET https://cloudfunctions.googleapis.com/v1/projects/healthsense-ai-prod-478/locations/-/functions {"error":{"code":403,"message":"Cloud Functions API has not been used in project healthsense-ai-prod-478 before or it is disabled. Enable it by visiting https://console.developers.google.com/apis/api/cloudfunctions.googleapis.com/overview?project=healthsense-ai-prod-478 then retry. If you enabled this API recently, wait a few minutes for the action to propagate to our systems and retry.","status":"PERMISSION_DENIED","details":[{"@type":"type.googleapis.com/google.rpc.ErrorInfo","reason":"SERVICE_DISABLED","domain":"googleapis.com","metadata":{"containerInfo":"healthsense-ai-prod-478","consumer":"projects/healthsense-ai-prod-478","serviceTitle":"Cloud Functions API","service":"cloudfunctions.googleapis.com","activationUrl":"https://console.developers.google.com/apis/api/cloudfunctions.googleapis.com/overview?project=healthsense-ai-prod-478"}},{"@type":"type.googleapis.com/google.rpc.LocalizedMessage","locale":"en-US","message":"Cloud Functions API has not been used in project healthsense-ai-prod-478 before or it is disabled. Enable it by visiting https://console.developers.google.com/apis/api/cloudfunctions.googleapis.com/overview?project=healthsense-ai-prod-478 then retry. If you enabled this API recently, wait a few minutes for the action to propagate to our systems and retry."},{"@type":"type.googleapis.com/google.rpc.Help","links":[{"description":"Google developers console API activation","url":"https://console.developers.google.com/apis/api/cloudfunctions.googleapis.com/overview?project=healthsense-ai-prod-478"}]}]}}
[debug] [2026-02-21T13:58:47.168Z] [functions] failed to list functions for healthsense-ai-prod-478
[debug] [2026-02-21T13:58:47.168Z] [functions] Request to https://cloudfunctions.googleapis.com/v1/projects/healthsense-ai-prod-478/locations/-/functions had HTTP Error: 403, Cloud Functions API has not been used in project healthsense-ai-prod-478 before or it is disabled. Enable it by visiting https://console.developers.google.com/apis/api/cloudfunctions.googleapis.com/overview?project=healthsense-ai-prod-478 then retry. If you enabled this API recently, wait a few minutes for the action to propagate to our systems and retry.
[debug] [2026-02-21T13:58:47.530Z] FirebaseError: Request to https://cloudfunctions.googleapis.com/v1/projects/healthsense-ai-prod-478/locations/-/functions had HTTP Error: 403, Cloud Functions API has not been used in project healthsense-ai-prod-478 before or it is disabled. Enable it by visiting https://console.developers.google.com/apis/api/cloudfunctions.googleapis.com/overview?project=healthsense-ai-prod-478 then retry. If you enabled this API recently, wait a few minutes for the action to propagate to our systems and retry.
    at responseToError (C:\Users\Krrish\AppData\Local\npm-cache\_npx\7750544ccf494d8b\node_modules\firebase-tools\lib\responseToError.js:53:12)
    at RetryOperation._fn (C:\Users\Krrish\AppData\Local\npm-cache\_npx\7750544ccf494d8b\node_modules\firebase-tools\lib\apiv2.js:330:77)
    at process.processTicksAndRejections (node:internal/process/task_queues:103:5)
[error] 
[error] Error: Failed to list functions for healthsense-ai-prod-478
[debug] [2026-04-18T15:56:05.684Z] ----------------------------------------------------------------------
[debug] [2026-04-18T15:56:05.690Z] Command:       C:\Program Files\nodejs\node.exe C:\Users\Krrish\AppData\Roaming\npm\node_modules\firebase-tools\lib\bin\firebase.js deploy --only hosting
[debug] [2026-04-18T15:56:05.691Z] CLI Version:   15.13.0
[debug] [2026-04-18T15:56:05.691Z] Platform:      win32
[debug] [2026-04-18T15:56:05.691Z] Node Version:  v24.13.1
[debug] [2026-04-18T15:56:05.691Z] Time:          Sat Apr 18 2026 21:26:05 GMT+0530 (India Standard Time)
[debug] [2026-04-18T15:56:05.691Z] ----------------------------------------------------------------------
[debug] 
[debug] [2026-04-18T15:56:05.695Z] >>> [apiv2][query] GET https://firebase-public.firebaseio.com/cli.json [none]
[debug] [2026-04-18T15:56:11.792Z] > command requires scopes: ["email","openid","https://www.googleapis.com/auth/cloudplatformprojects.readonly","https://www.googleapis.com/auth/firebase","https://www.googleapis.com/auth/cloud-platform"]
[debug] [2026-04-18T15:56:11.793Z] > authorizing via signed-in user (dewangankrrish50@gmail.com)
[debug] [2026-04-18T15:56:11.794Z] [iam] checking project healthsense-ai-prod-478 for permissions ["firebase.projects.get","firebasehosting.sites.update"]
[debug] [2026-04-18T15:56:11.795Z] Checked if tokens are valid: false, expires at: 1776497237343
[debug] [2026-04-18T15:56:11.795Z] Checked if tokens are valid: false, expires at: 1776497237343
[debug] [2026-04-18T15:56:11.796Z] > refreshing access token with scopes: []
[debug] [2026-04-18T15:56:11.799Z] >>> [apiv2][query] POST https://www.googleapis.com/oauth2/v3/token [none]
[debug] [2026-04-18T15:56:11.799Z] >>> [apiv2][body] POST https://www.googleapis.com/oauth2/v3/token [omitted]
[debug] [2026-04-18T15:56:12.154Z] <<< [apiv2][status] POST https://www.googleapis.com/oauth2/v3/token 200
[debug] [2026-04-18T15:56:12.155Z] <<< [apiv2][body] POST https://www.googleapis.com/oauth2/v3/token [omitted]
[debug] [2026-04-18T15:56:12.171Z] >>> [apiv2][query] POST https://cloudresourcemanager.googleapis.com/v1/projects/healthsense-ai-prod-478:testIamPermissions [none]
[debug] [2026-04-18T15:56:12.171Z] >>> [apiv2][(partial)header] POST https://cloudresourcemanager.googleapis.com/v1/projects/healthsense-ai-prod-478:testIamPermissions  x-goog-user-project=healthsense-ai-prod-478
[debug] [2026-04-18T15:56:12.172Z] >>> [apiv2][body] POST https://cloudresourcemanager.googleapis.com/v1/projects/healthsense-ai-prod-478:testIamPermissions {"permissions":["firebase.projects.get","firebasehosting.sites.update"]}
[debug] [2026-04-18T15:56:13.072Z] <<< [apiv2][status] GET https://firebase-public.firebaseio.com/cli.json 200
[debug] [2026-04-18T15:56:13.073Z] <<< [apiv2][body] GET https://firebase-public.firebaseio.com/cli.json {"cloudBuildErrorAfter":1594252800000,"cloudBuildWarnAfter":1590019200000,"defaultNode10After":1594252800000,"minVersion":"3.0.5","node8DeploysDisabledAfter":1613390400000,"node8RuntimeDisabledAfter":1615809600000,"node8WarnAfter":1600128000000}
[debug] [2026-04-18T15:56:14.263Z] <<< [apiv2][status] POST https://cloudresourcemanager.googleapis.com/v1/projects/healthsense-ai-prod-478:testIamPermissions 200
[debug] [2026-04-18T15:56:14.264Z] <<< [apiv2][body] POST https://cloudresourcemanager.googleapis.com/v1/projects/healthsense-ai-prod-478:testIamPermissions {"permissions":["firebase.projects.get","firebasehosting.sites.update"]}
[debug] [2026-04-18T15:56:14.265Z] Checked if tokens are valid: true, expires at: 1776531371155
[debug] [2026-04-18T15:56:14.265Z] Checked if tokens are valid: true, expires at: 1776531371155
[debug] [2026-04-18T15:56:14.266Z] >>> [apiv2][query] GET https://firebase.googleapis.com/v1beta1/projects/healthsense-ai-prod-478 [none]
[debug] [2026-04-18T15:56:15.107Z] <<< [apiv2][status] GET https://firebase.googleapis.com/v1beta1/projects/healthsense-ai-prod-478 200
[debug] [2026-04-18T15:56:15.108Z] <<< [apiv2][body] GET https://firebase.googleapis.com/v1beta1/projects/healthsense-ai-prod-478 {"projectId":"healthsense-ai-prod-478","projectNumber":"218534686639","displayName":"HealthSense AI Production","name":"projects/healthsense-ai-prod-478","resources":{"hostingSite":"healthsense-ai-prod-478"},"state":"ACTIVE","etag":"1_c72b0a24-c6b8-4afd-a1d7-0593a0ab4d87"}
[debug] [2026-04-18T15:56:21.337Z] defaultcredentials: writing to file C:\Users\Krrish\AppData\Roaming\firebase\dewangankrrish50_gmail_com_application_default_credentials.json
[debug] [2026-04-18T15:56:21.351Z] Checked if tokens are valid: true, expires at: 1776531371155
[debug] [2026-04-18T15:56:21.351Z] Checked if tokens are valid: true, expires at: 1776531371155
[debug] [2026-04-18T15:56:21.352Z] >>> [apiv2][query] GET https://firebasehosting.googleapis.com/v1beta1/projects/healthsense-ai-prod-478/sites pageToken=&pageSize=10
[debug] [2026-04-18T15:56:23.104Z] <<< [apiv2][status] GET https://firebasehosting.googleapis.com/v1beta1/projects/healthsense-ai-prod-478/sites 200
[debug] [2026-04-18T15:56:23.105Z] <<< [apiv2][body] GET https://firebasehosting.googleapis.com/v1beta1/projects/healthsense-ai-prod-478/sites {"sites":[{"name":"projects/healthsense-ai-prod-478/sites/healthsense-ai-prod-478","defaultUrl":"https://healthsense-ai-prod-478.web.app","type":"DEFAULT_SITE"}]}
[debug] [2026-04-18T15:56:23.106Z] Checked if tokens are valid: true, expires at: 1776531371155
[debug] [2026-04-18T15:56:23.106Z] Checked if tokens are valid: true, expires at: 1776531371155
[debug] [2026-04-18T15:56:23.107Z] >>> [apiv2][query] GET https://firebasehosting.googleapis.com/v1beta1/projects/healthsense-ai-prod-478/sites 
[debug] [2026-04-18T15:56:24.163Z] <<< [apiv2][status] GET https://firebasehosting.googleapis.com/v1beta1/projects/healthsense-ai-prod-478/sites 200
[debug] [2026-04-18T15:56:24.164Z] <<< [apiv2][body] GET https://firebasehosting.googleapis.com/v1beta1/projects/healthsense-ai-prod-478/sites {"sites":[{"name":"projects/healthsense-ai-prod-478/sites/healthsense-ai-prod-478","defaultUrl":"https://healthsense-ai-prod-478.web.app","type":"DEFAULT_SITE"}]}
[debug] [2026-04-18T15:56:24.164Z] Checked if tokens are valid: true, expires at: 1776531371155
[debug] [2026-04-18T15:56:24.165Z] Checked if tokens are valid: true, expires at: 1776531371155
[debug] [2026-04-18T15:56:24.165Z] >>> [apiv2][query] GET https://firebase.googleapis.com/v1beta1/projects/healthsense-ai-prod-478/webApps/-/config [none]
[debug] [2026-04-18T15:56:25.518Z] <<< [apiv2][status] GET https://firebase.googleapis.com/v1beta1/projects/healthsense-ai-prod-478/webApps/-/config 200
[debug] [2026-04-18T15:56:25.519Z] <<< [apiv2][body] GET https://firebase.googleapis.com/v1beta1/projects/healthsense-ai-prod-478/webApps/-/config {"projectId":"healthsense-ai-prod-478","appId":"1:218534686639:web:ea566353997d51f20f095a","storageBucket":"healthsense-ai-prod-478.firebasestorage.app","apiKey":"AIzaSyCGPulX7bwZy7_FpjW8pOf9cWnwUbiDc7M","authDomain":"healthsense-ai-prod-478.firebaseapp.com","messagingSenderId":"218534686639","projectNumber":"218534686639","version":"2"}
[info] 
   Thank you for trying our early preview of Next.js support on Firebase Hosting.
   During the preview, support is best-effort and breaking changes can be expected. Proceed with caution.
   The integration is known to work with Next.js version 12 - 15.0. You may encounter errors.

   Documentation: https://firebase.google.com/docs/hosting/frameworks/nextjs
   File a bug: https://github.com/firebase/firebase-tools/issues/new?template=bug_report.md
   Submit a feature request: https://github.com/firebase/firebase-tools/issues/new?template=feature_request.md

   We'd love to learn from you. Express your interest in helping us shape the future of Firebase Hosting: https://goo.gle/41enW5X

[debug] [2026-04-18T15:56:37.726Z] Checked if tokens are valid: true, expires at: 1776531371155
[debug] [2026-04-18T15:56:37.727Z] Checked if tokens are valid: true, expires at: 1776531371155
[debug] [2026-04-18T15:56:37.727Z] >>> [apiv2][query] GET https://firebasehosting.googleapis.com/v1beta1/projects/healthsense-ai-prod-478/sites/healthsense-ai-prod-478 [none]
[debug] [2026-04-18T15:56:39.006Z] <<< [apiv2][status] GET https://firebasehosting.googleapis.com/v1beta1/projects/healthsense-ai-prod-478/sites/healthsense-ai-prod-478 200
[debug] [2026-04-18T15:56:39.007Z] <<< [apiv2][body] GET https://firebasehosting.googleapis.com/v1beta1/projects/healthsense-ai-prod-478/sites/healthsense-ai-prod-478 {"name":"projects/healthsense-ai-prod-478/sites/healthsense-ai-prod-478","defaultUrl":"https://healthsense-ai-prod-478.web.app","type":"DEFAULT_SITE"}
[info] ▲ Next.js 16.1.6 (Turbopack)

[info] - Environments: .env.local


[info]   Creating an optimized production build ...

[info] ✓ Compiled successfully in 38.7s

[info]   Running TypeScript ...

[info]   Collecting page data using 15 workers ...

[info]   Generating static pages using 15 workers (0/5) ...

[info]   Generating static pages using 15 workers (1/5) 

[info]   Generating static pages using 15 workers (2/5) 

[info]   Generating static pages using 15 workers (3/5) 

[info] ✓ Generating static pages using 15 workers (5/5) in 427.1ms

[info]   Finalizing page optimization ...

[info] 

[info] Route (app)
┌ ○ /
├ ○ /_not-found
├ ƒ /[locale]
├ ƒ /[locale]/about
├ ƒ /[locale]/cardio-check
├ ƒ /[locale]/cough-analysis
├ ƒ /[locale]/dashboard
├ ƒ /[locale]/govt-schemes
├ ƒ /[locale]/health-records
├ ƒ /[locale]/health-trends
├ ƒ /[locale]/login
├ ƒ /[locale]/mental-health-screen
├ ƒ /[locale]/nearby-hospitals
├ ƒ /[locale]/onboarding
├ ƒ /[locale]/people
├ ƒ /[locale]/privacy-policy
├ ƒ /[locale]/reminders
├ ƒ /[locale]/signup
├ ƒ /[locale]/skin-scan
├ ƒ /[locale]/symptom-checker
├ ƒ /[locale]/vision-scan
├ ƒ /api/cardio-check
├ ƒ /api/chat
├ ƒ /api/cough-analysis
├ ƒ /api/govt-schemes
├ ƒ /api/mental-health
├ ƒ /api/mental-health/questions
├ ƒ /api/nearby-facilities
├ ƒ /api/pulse
├ ƒ /api/skin-scan
├ ƒ /api/symptom-checker
├ ƒ /api/vision-scan
└ ○ /icon.svg


ƒ Proxy (Middleware)


[info] ○  (Static)   prerendered as static content
ƒ  (Dynamic)  server-rendered on demand


[info] Building a Cloud Function to run this application. This is needed due to:
[info]  • non-static component /[locale]/about/page
[info]  • non-static component /[locale]/cardio-check/page
[info]  • non-static component /[locale]/cough-analysis/page
[info]  • non-static component /[locale]/dashboard/page
[info]  • non-static component /[locale]/govt-schemes/page
[debug] [2026-04-18T15:57:51.516Z]  • non-static component /[locale]/health-records/page
[debug] [2026-04-18T15:57:51.516Z]  • non-static component /[locale]/health-trends/page
[debug] [2026-04-18T15:57:51.516Z]  • non-static component /[locale]/login/page
[debug] [2026-04-18T15:57:51.517Z]  • non-static component /[locale]/mental-health-screen/page
[debug] [2026-04-18T15:57:51.517Z]  • non-static component /[locale]/nearby-hospitals/page
[debug] [2026-04-18T15:57:51.517Z]  • non-static component /[locale]/onboarding/page
[debug] [2026-04-18T15:57:51.517Z]  • non-static component /[locale]/page
[debug] [2026-04-18T15:57:51.517Z]  • non-static component /[locale]/people/page
[debug] [2026-04-18T15:57:51.517Z]  • non-static component /[locale]/privacy-policy/page
[debug] [2026-04-18T15:57:51.517Z]  • non-static component /[locale]/reminders/page
[debug] [2026-04-18T15:57:51.517Z]  • non-static component /[locale]/signup/page
[debug] [2026-04-18T15:57:51.517Z]  • non-static component /[locale]/skin-scan/page
[debug] [2026-04-18T15:57:51.517Z]  • non-static component /[locale]/symptom-checker/page
[debug] [2026-04-18T15:57:51.517Z]  • non-static component /[locale]/vision-scan/page
[debug] [2026-04-18T15:57:51.517Z]  • non-static component /api/cardio-check/route
[debug] [2026-04-18T15:57:51.517Z]  • non-static component /api/chat/route
[debug] [2026-04-18T15:57:51.517Z]  • non-static component /api/cough-analysis/route
[debug] [2026-04-18T15:57:51.517Z]  • non-static component /api/govt-schemes/route
[debug] [2026-04-18T15:57:51.517Z]  • non-static component /api/mental-health/questions/route
[debug] [2026-04-18T15:57:51.517Z]  • non-static component /api/mental-health/route
[debug] [2026-04-18T15:57:51.517Z]  • non-static component /api/nearby-facilities/route
[debug] [2026-04-18T15:57:51.517Z]  • non-static component /api/pulse/route
[debug] [2026-04-18T15:57:51.517Z]  • non-static component /api/skin-scan/route
[debug] [2026-04-18T15:57:51.517Z]  • non-static component /api/symptom-checker/route
[debug] [2026-04-18T15:57:51.517Z]  • non-static component /api/vision-scan/route
[debug] [2026-04-18T15:57:51.517Z]  • route with server action /[locale]/cough-analysis
[debug] [2026-04-18T15:57:51.518Z]  • route with server action /[locale]/dashboard
[debug] [2026-04-18T15:57:51.518Z]  • route with server action /[locale]/mental-health-screen
[debug] [2026-04-18T15:57:51.518Z]  • route with server action /[locale]/symptom-checker
[info]  • and 29 other reasons, use --debug to see more
[info] 
[debug] [2026-04-18T15:58:41.503Z] Checked if tokens are valid: true, expires at: 1776531371155
[debug] [2026-04-18T15:58:41.504Z] Checked if tokens are valid: true, expires at: 1776531371155
[debug] [2026-04-18T15:58:41.504Z] >>> [apiv2][query] GET https://firebasehosting.googleapis.com/v1beta1/projects/healthsense-ai-prod-478/sites/healthsense-ai-prod-478 [none]
[debug] [2026-04-18T15:58:42.791Z] <<< [apiv2][status] GET https://firebasehosting.googleapis.com/v1beta1/projects/healthsense-ai-prod-478/sites/healthsense-ai-prod-478 200
[debug] [2026-04-18T15:58:42.791Z] <<< [apiv2][body] GET https://firebasehosting.googleapis.com/v1beta1/projects/healthsense-ai-prod-478/sites/healthsense-ai-prod-478 {"name":"projects/healthsense-ai-prod-478/sites/healthsense-ai-prod-478","defaultUrl":"https://healthsense-ai-prod-478.web.app","type":"DEFAULT_SITE"}
[debug] [2026-04-18T15:58:43.996Z] Error: EPERM: operation not permitted, symlink 'C:\Users\Krrish\Desktop\pulsecheck.ai\node_modules\genkit' -> 'C:\Users\Krrish\Desktop\pulsecheck.ai\.firebase\healthsense-ai-prod-478\functions\.next\node_modules\genkit-8a29976f7302c1b6'
[error] 
[error] Error: An unexpected error has occurred.
[debug] [2026-04-18T15:59:21.503Z] ----------------------------------------------------------------------
[debug] [2026-04-18T15:59:21.508Z] Command:       C:\Program Files\nodejs\node.exe C:\Users\Krrish\AppData\Roaming\npm\node_modules\firebase-tools\lib\bin\firebase.js deploy --only hosting --debug
[debug] [2026-04-18T15:59:21.509Z] CLI Version:   15.13.0
[debug] [2026-04-18T15:59:21.509Z] Platform:      win32
[debug] [2026-04-18T15:59:21.509Z] Node Version:  v24.13.1
[debug] [2026-04-18T15:59:21.509Z] Time:          Sat Apr 18 2026 21:29:21 GMT+0530 (India Standard Time)
[debug] [2026-04-18T15:59:21.510Z] ----------------------------------------------------------------------
[debug] 
[debug] [2026-04-18T15:59:25.202Z] > command requires scopes: ["email","openid","https://www.googleapis.com/auth/cloudplatformprojects.readonly","https://www.googleapis.com/auth/firebase","https://www.googleapis.com/auth/cloud-platform"]
[debug] [2026-04-18T15:59:25.204Z] > authorizing via signed-in user (dewangankrrish50@gmail.com)
[debug] [2026-04-18T15:59:25.204Z] [iam] checking project healthsense-ai-prod-478 for permissions ["firebase.projects.get","firebasehosting.sites.update"]
[debug] [2026-04-18T15:59:25.209Z] Checked if tokens are valid: true, expires at: 1776531371155
[debug] [2026-04-18T15:59:25.211Z] Checked if tokens are valid: true, expires at: 1776531371155
[debug] [2026-04-18T15:59:25.218Z] >>> [apiv2][query] POST https://cloudresourcemanager.googleapis.com/v1/projects/healthsense-ai-prod-478:testIamPermissions [none]
[debug] [2026-04-18T15:59:25.219Z] >>> [apiv2][(partial)header] POST https://cloudresourcemanager.googleapis.com/v1/projects/healthsense-ai-prod-478:testIamPermissions  x-goog-user-project=healthsense-ai-prod-478
[debug] [2026-04-18T15:59:25.220Z] >>> [apiv2][body] POST https://cloudresourcemanager.googleapis.com/v1/projects/healthsense-ai-prod-478:testIamPermissions {"permissions":["firebase.projects.get","firebasehosting.sites.update"]}
[debug] [2026-04-18T15:59:26.958Z] <<< [apiv2][status] POST https://cloudresourcemanager.googleapis.com/v1/projects/healthsense-ai-prod-478:testIamPermissions 200
[debug] [2026-04-18T15:59:26.959Z] <<< [apiv2][body] POST https://cloudresourcemanager.googleapis.com/v1/projects/healthsense-ai-prod-478:testIamPermissions {"permissions":["firebase.projects.get","firebasehosting.sites.update"]}
[debug] [2026-04-18T15:59:26.960Z] Checked if tokens are valid: true, expires at: 1776531371155
[debug] [2026-04-18T15:59:26.961Z] Checked if tokens are valid: true, expires at: 1776531371155
[debug] [2026-04-18T15:59:26.962Z] >>> [apiv2][query] GET https://firebase.googleapis.com/v1beta1/projects/healthsense-ai-prod-478 [none]
[debug] [2026-04-18T15:59:27.706Z] <<< [apiv2][status] GET https://firebase.googleapis.com/v1beta1/projects/healthsense-ai-prod-478 200
[debug] [2026-04-18T15:59:27.706Z] <<< [apiv2][body] GET https://firebase.googleapis.com/v1beta1/projects/healthsense-ai-prod-478 {"projectId":"healthsense-ai-prod-478","projectNumber":"218534686639","displayName":"HealthSense AI Production","name":"projects/healthsense-ai-prod-478","resources":{"hostingSite":"healthsense-ai-prod-478"},"state":"ACTIVE","etag":"1_c72b0a24-c6b8-4afd-a1d7-0593a0ab4d87"}
[debug] [2026-04-18T15:59:32.432Z] defaultcredentials: writing to file C:\Users\Krrish\AppData\Roaming\firebase\dewangankrrish50_gmail_com_application_default_credentials.json
[debug] [2026-04-18T15:59:32.435Z] Checked if tokens are valid: true, expires at: 1776531371155
[debug] [2026-04-18T15:59:32.435Z] Checked if tokens are valid: true, expires at: 1776531371155
[debug] [2026-04-18T15:59:32.436Z] >>> [apiv2][query] GET https://firebasehosting.googleapis.com/v1beta1/projects/healthsense-ai-prod-478/sites pageToken=&pageSize=10
[debug] [2026-04-18T15:59:34.048Z] <<< [apiv2][status] GET https://firebasehosting.googleapis.com/v1beta1/projects/healthsense-ai-prod-478/sites 200
[debug] [2026-04-18T15:59:34.049Z] <<< [apiv2][body] GET https://firebasehosting.googleapis.com/v1beta1/projects/healthsense-ai-prod-478/sites {"sites":[{"name":"projects/healthsense-ai-prod-478/sites/healthsense-ai-prod-478","defaultUrl":"https://healthsense-ai-prod-478.web.app","type":"DEFAULT_SITE"}]}
[debug] [2026-04-18T15:59:34.050Z] Checked if tokens are valid: true, expires at: 1776531371155
[debug] [2026-04-18T15:59:34.051Z] Checked if tokens are valid: true, expires at: 1776531371155
[debug] [2026-04-18T15:59:34.051Z] >>> [apiv2][query] GET https://firebasehosting.googleapis.com/v1beta1/projects/healthsense-ai-prod-478/sites 
[debug] [2026-04-18T15:59:34.868Z] <<< [apiv2][status] GET https://firebasehosting.googleapis.com/v1beta1/projects/healthsense-ai-prod-478/sites 200
[debug] [2026-04-18T15:59:34.868Z] <<< [apiv2][body] GET https://firebasehosting.googleapis.com/v1beta1/projects/healthsense-ai-prod-478/sites {"sites":[{"name":"projects/healthsense-ai-prod-478/sites/healthsense-ai-prod-478","defaultUrl":"https://healthsense-ai-prod-478.web.app","type":"DEFAULT_SITE"}]}
[debug] [2026-04-18T15:59:34.869Z] Checked if tokens are valid: true, expires at: 1776531371155
[debug] [2026-04-18T15:59:34.869Z] Checked if tokens are valid: true, expires at: 1776531371155
[debug] [2026-04-18T15:59:34.870Z] >>> [apiv2][query] GET https://firebase.googleapis.com/v1beta1/projects/healthsense-ai-prod-478/webApps/-/config [none]
[debug] [2026-04-18T15:59:36.042Z] <<< [apiv2][status] GET https://firebase.googleapis.com/v1beta1/projects/healthsense-ai-prod-478/webApps/-/config 200
[debug] [2026-04-18T15:59:36.042Z] <<< [apiv2][body] GET https://firebase.googleapis.com/v1beta1/projects/healthsense-ai-prod-478/webApps/-/config {"projectId":"healthsense-ai-prod-478","appId":"1:218534686639:web:ea566353997d51f20f095a","storageBucket":"healthsense-ai-prod-478.firebasestorage.app","apiKey":"AIzaSyCGPulX7bwZy7_FpjW8pOf9cWnwUbiDc7M","authDomain":"healthsense-ai-prod-478.firebaseapp.com","messagingSenderId":"218534686639","projectNumber":"218534686639","version":"2"}
[info] 
   Thank you for trying our early preview of Next.js support on Firebase Hosting.
   During the preview, support is best-effort and breaking changes can be expected. Proceed with caution.
   The integration is known to work with Next.js version 12 - 15.0. You may encounter errors.

   Documentation: https://firebase.google.com/docs/hosting/frameworks/nextjs
   File a bug: https://github.com/firebase/firebase-tools/issues/new?template=bug_report.md
   Submit a feature request: https://github.com/firebase/firebase-tools/issues/new?template=feature_request.md

   We'd love to learn from you. Express your interest in helping us shape the future of Firebase Hosting: https://goo.gle/41enW5X

[debug] [2026-04-18T15:59:46.429Z] Checked if tokens are valid: true, expires at: 1776531371155
[debug] [2026-04-18T15:59:46.429Z] Checked if tokens are valid: true, expires at: 1776531371155
[debug] [2026-04-18T15:59:46.429Z] >>> [apiv2][query] GET https://firebasehosting.googleapis.com/v1beta1/projects/healthsense-ai-prod-478/sites/healthsense-ai-prod-478 [none]
[debug] [2026-04-18T15:59:47.540Z] <<< [apiv2][status] GET https://firebasehosting.googleapis.com/v1beta1/projects/healthsense-ai-prod-478/sites/healthsense-ai-prod-478 200
[debug] [2026-04-18T15:59:47.541Z] <<< [apiv2][body] GET https://firebasehosting.googleapis.com/v1beta1/projects/healthsense-ai-prod-478/sites/healthsense-ai-prod-478 {"name":"projects/healthsense-ai-prod-478/sites/healthsense-ai-prod-478","defaultUrl":"https://healthsense-ai-prod-478.web.app","type":"DEFAULT_SITE"}
[info] ▲ Next.js 16.1.6 (Turbopack)

[info] - Environments: .env.local


[info]   Creating an optimized production build ...

[info] 

[info] [433.51ms] [@tailwindcss/postcss] src\app\globals.css
[  0.23ms]   ↳ Quick bail check
[ 73.43ms]   ↳ Setup compiler
[  0.64ms]     ↳ PostCSS AST -> Tailwind CSS AST
[ 72.74ms]     ↳ Create compiler

[info] [  0.77ms]   ↳ Register full rebuild paths
[  7.08ms]   ↳ Setup scanner
[115.30ms]   ↳ Scan for candidates
[ 75.54ms]   ↳ Register dependency messages
[ 79.21ms]   ↳ Build utilities
[ 72.63ms]   ↳ Optimization

[info] [  2.60ms]     ↳ AST -> CSS
[ 43.92ms]     ↳ Lightning CSS
[ 26.01ms]     ↳ CSS -> PostCSS AST

[info] [  8.46ms]   ↳ Update PostCSS AST


[info] ✓ Compiled successfully in 9.3s

[info]   Running TypeScript ...

[info]   Collecting page data using 15 workers ...

[info]   Generating static pages using 15 workers (0/5) ...

[info]   Generating static pages using 15 workers (1/5) 

[info]   Generating static pages using 15 workers (2/5) 

[info]   Generating static pages using 15 workers (3/5) 

[info] ✓ Generating static pages using 15 workers (5/5) in 424.2ms

[info]   Finalizing page optimization ...

[info] 

[info] Route (app)
┌ ○ /
├ ○ /_not-found
├ ƒ /[locale]
├ ƒ /[locale]/about
├ ƒ /[locale]/cardio-check
├ ƒ /[locale]/cough-analysis
├ ƒ /[locale]/dashboard
├ ƒ /[locale]/govt-schemes
├ ƒ /[locale]/health-records
├ ƒ /[locale]/health-trends
├ ƒ /[locale]/login
├ ƒ /[locale]/mental-health-screen
├ ƒ /[locale]/nearby-hospitals
├ ƒ /[locale]/onboarding
├ ƒ /[locale]/people
├ ƒ /[locale]/privacy-policy
├ ƒ /[locale]/reminders
├ ƒ /[locale]/signup
├ ƒ /[locale]/skin-scan
├ ƒ /[locale]/symptom-checker
├ ƒ /[locale]/vision-scan
├ ƒ /api/cardio-check
├ ƒ /api/chat
├ ƒ /api/cough-analysis
├ ƒ /api/govt-schemes
├ ƒ /api/mental-health
├ ƒ /api/mental-health/questions
├ ƒ /api/nearby-facilities
├ ƒ /api/pulse
├ ƒ /api/skin-scan
├ ƒ /api/symptom-checker
├ ƒ /api/vision-scan
└ ○ /icon.svg


ƒ Proxy (Middleware)

[info] 
○  (Static)   prerendered as static content
ƒ  (Dynamic)  server-rendered on demand


[info] Building a Cloud Function to run this application. This is needed due to:
[info]  • non-static component /[locale]/about/page
[info]  • non-static component /[locale]/cardio-check/page
[info]  • non-static component /[locale]/cough-analysis/page
[info]  • non-static component /[locale]/dashboard/page
[info]  • non-static component /[locale]/govt-schemes/page
[debug] [2026-04-18T16:00:21.613Z]  • non-static component /[locale]/health-records/page
[debug] [2026-04-18T16:00:21.613Z]  • non-static component /[locale]/health-trends/page
[debug] [2026-04-18T16:00:21.613Z]  • non-static component /[locale]/login/page
[debug] [2026-04-18T16:00:21.614Z]  • non-static component /[locale]/mental-health-screen/page
[debug] [2026-04-18T16:00:21.614Z]  • non-static component /[locale]/nearby-hospitals/page
[debug] [2026-04-18T16:00:21.614Z]  • non-static component /[locale]/onboarding/page
[debug] [2026-04-18T16:00:21.614Z]  • non-static component /[locale]/page
[debug] [2026-04-18T16:00:21.614Z]  • non-static component /[locale]/people/page
[debug] [2026-04-18T16:00:21.614Z]  • non-static component /[locale]/privacy-policy/page
[debug] [2026-04-18T16:00:21.614Z]  • non-static component /[locale]/reminders/page
[debug] [2026-04-18T16:00:21.614Z]  • non-static component /[locale]/signup/page
[debug] [2026-04-18T16:00:21.614Z]  • non-static component /[locale]/skin-scan/page
[debug] [2026-04-18T16:00:21.614Z]  • non-static component /[locale]/symptom-checker/page
[debug] [2026-04-18T16:00:21.614Z]  • non-static component /[locale]/vision-scan/page
[debug] [2026-04-18T16:00:21.614Z]  • non-static component /api/cardio-check/route
[debug] [2026-04-18T16:00:21.614Z]  • non-static component /api/chat/route
[debug] [2026-04-18T16:00:21.614Z]  • non-static component /api/cough-analysis/route
[debug] [2026-04-18T16:00:21.614Z]  • non-static component /api/govt-schemes/route
[debug] [2026-04-18T16:00:21.614Z]  • non-static component /api/mental-health/questions/route
[debug] [2026-04-18T16:00:21.614Z]  • non-static component /api/mental-health/route
[debug] [2026-04-18T16:00:21.614Z]  • non-static component /api/nearby-facilities/route
[debug] [2026-04-18T16:00:21.614Z]  • non-static component /api/pulse/route
[debug] [2026-04-18T16:00:21.614Z]  • non-static component /api/skin-scan/route
[debug] [2026-04-18T16:00:21.614Z]  • non-static component /api/symptom-checker/route
[debug] [2026-04-18T16:00:21.614Z]  • non-static component /api/vision-scan/route
[debug] [2026-04-18T16:00:21.614Z]  • route with server action /[locale]/cough-analysis
[debug] [2026-04-18T16:00:21.614Z]  • route with server action /[locale]/dashboard
[debug] [2026-04-18T16:00:21.614Z]  • route with server action /[locale]/mental-health-screen
[debug] [2026-04-18T16:00:21.614Z]  • route with server action /[locale]/symptom-checker
[info] 
[debug] [2026-04-18T16:00:29.036Z] Checked if tokens are valid: true, expires at: 1776531371155
[debug] [2026-04-18T16:00:29.037Z] Checked if tokens are valid: true, expires at: 1776531371155
[debug] [2026-04-18T16:00:29.037Z] >>> [apiv2][query] GET https://firebasehosting.googleapis.com/v1beta1/projects/healthsense-ai-prod-478/sites/healthsense-ai-prod-478 [none]
[debug] [2026-04-18T16:00:30.485Z] <<< [apiv2][status] GET https://firebasehosting.googleapis.com/v1beta1/projects/healthsense-ai-prod-478/sites/healthsense-ai-prod-478 200
[debug] [2026-04-18T16:00:30.485Z] <<< [apiv2][body] GET https://firebasehosting.googleapis.com/v1beta1/projects/healthsense-ai-prod-478/sites/healthsense-ai-prod-478 {"name":"projects/healthsense-ai-prod-478/sites/healthsense-ai-prod-478","defaultUrl":"https://healthsense-ai-prod-478.web.app","type":"DEFAULT_SITE"}
[debug] [2026-04-18T16:00:31.595Z] Error: EPERM: operation not permitted, symlink 'C:\Users\Krrish\Desktop\pulsecheck.ai\node_modules\genkit' -> 'C:\Users\Krrish\Desktop\pulsecheck.ai\.firebase\healthsense-ai-prod-478\functions\.next\node_modules\genkit-8a29976f7302c1b6'
[error] 
[error] Error: An unexpected error has occurred.
[debug] [2026-04-18T16:01:54.179Z] ----------------------------------------------------------------------
[debug] [2026-04-18T16:01:54.184Z] Command:       C:\Program Files\nodejs\node.exe C:\Users\Krrish\AppData\Roaming\npm\node_modules\firebase-tools\lib\bin\firebase.js deploy --only hosting
[debug] [2026-04-18T16:01:54.184Z] CLI Version:   15.13.0
[debug] [2026-04-18T16:01:54.184Z] Platform:      win32
[debug] [2026-04-18T16:01:54.185Z] Node Version:  v24.13.1
[debug] [2026-04-18T16:01:54.185Z] Time:          Sat Apr 18 2026 21:31:54 GMT+0530 (India Standard Time)
[debug] [2026-04-18T16:01:54.185Z] ----------------------------------------------------------------------
[debug] 
[debug] [2026-04-18T16:01:56.463Z] > command requires scopes: ["email","openid","https://www.googleapis.com/auth/cloudplatformprojects.readonly","https://www.googleapis.com/auth/firebase","https://www.googleapis.com/auth/cloud-platform"]
[debug] [2026-04-18T16:01:56.463Z] > authorizing via signed-in user (dewangankrrish50@gmail.com)
[debug] [2026-04-18T16:01:56.464Z] [iam] checking project healthsense-ai-prod-478 for permissions ["firebase.projects.get","firebasehosting.sites.update"]
[debug] [2026-04-18T16:01:56.465Z] Checked if tokens are valid: true, expires at: 1776531371155
[debug] [2026-04-18T16:01:56.465Z] Checked if tokens are valid: true, expires at: 1776531371155
[debug] [2026-04-18T16:01:56.466Z] >>> [apiv2][query] POST https://cloudresourcemanager.googleapis.com/v1/projects/healthsense-ai-prod-478:testIamPermissions [none]
[debug] [2026-04-18T16:01:56.466Z] >>> [apiv2][(partial)header] POST https://cloudresourcemanager.googleapis.com/v1/projects/healthsense-ai-prod-478:testIamPermissions  x-goog-user-project=healthsense-ai-prod-478
[debug] [2026-04-18T16:01:56.466Z] >>> [apiv2][body] POST https://cloudresourcemanager.googleapis.com/v1/projects/healthsense-ai-prod-478:testIamPermissions {"permissions":["firebase.projects.get","firebasehosting.sites.update"]}
[debug] [2026-04-18T16:01:58.330Z] <<< [apiv2][status] POST https://cloudresourcemanager.googleapis.com/v1/projects/healthsense-ai-prod-478:testIamPermissions 200
[debug] [2026-04-18T16:01:58.331Z] <<< [apiv2][body] POST https://cloudresourcemanager.googleapis.com/v1/projects/healthsense-ai-prod-478:testIamPermissions {"permissions":["firebase.projects.get","firebasehosting.sites.update"]}
[debug] [2026-04-18T16:01:58.332Z] Checked if tokens are valid: true, expires at: 1776531371155
[debug] [2026-04-18T16:01:58.332Z] Checked if tokens are valid: true, expires at: 1776531371155
[debug] [2026-04-18T16:01:58.332Z] >>> [apiv2][query] GET https://firebase.googleapis.com/v1beta1/projects/healthsense-ai-prod-478 [none]
[debug] [2026-04-18T16:01:59.175Z] <<< [apiv2][status] GET https://firebase.googleapis.com/v1beta1/projects/healthsense-ai-prod-478 200
[debug] [2026-04-18T16:01:59.175Z] <<< [apiv2][body] GET https://firebase.googleapis.com/v1beta1/projects/healthsense-ai-prod-478 {"projectId":"healthsense-ai-prod-478","projectNumber":"218534686639","displayName":"HealthSense AI Production","name":"projects/healthsense-ai-prod-478","resources":{"hostingSite":"healthsense-ai-prod-478"},"state":"ACTIVE","etag":"1_c72b0a24-c6b8-4afd-a1d7-0593a0ab4d87"}
[debug] [2026-04-18T16:02:03.617Z] defaultcredentials: writing to file C:\Users\Krrish\AppData\Roaming\firebase\dewangankrrish50_gmail_com_application_default_credentials.json
[debug] [2026-04-18T16:02:03.619Z] Checked if tokens are valid: true, expires at: 1776531371155
[debug] [2026-04-18T16:02:03.619Z] Checked if tokens are valid: true, expires at: 1776531371155
[debug] [2026-04-18T16:02:03.620Z] >>> [apiv2][query] GET https://firebasehosting.googleapis.com/v1beta1/projects/healthsense-ai-prod-478/sites pageToken=&pageSize=10
[debug] [2026-04-18T16:02:05.183Z] <<< [apiv2][status] GET https://firebasehosting.googleapis.com/v1beta1/projects/healthsense-ai-prod-478/sites 200
[debug] [2026-04-18T16:02:05.183Z] <<< [apiv2][body] GET https://firebasehosting.googleapis.com/v1beta1/projects/healthsense-ai-prod-478/sites {"sites":[{"name":"projects/healthsense-ai-prod-478/sites/healthsense-ai-prod-478","defaultUrl":"https://healthsense-ai-prod-478.web.app","type":"DEFAULT_SITE"}]}
[debug] [2026-04-18T16:02:05.184Z] Checked if tokens are valid: true, expires at: 1776531371155
[debug] [2026-04-18T16:02:05.184Z] Checked if tokens are valid: true, expires at: 1776531371155
[debug] [2026-04-18T16:02:05.184Z] >>> [apiv2][query] GET https://firebasehosting.googleapis.com/v1beta1/projects/healthsense-ai-prod-478/sites 
[debug] [2026-04-18T16:02:06.003Z] <<< [apiv2][status] GET https://firebasehosting.googleapis.com/v1beta1/projects/healthsense-ai-prod-478/sites 200
[debug] [2026-04-18T16:02:06.003Z] <<< [apiv2][body] GET https://firebasehosting.googleapis.com/v1beta1/projects/healthsense-ai-prod-478/sites {"sites":[{"name":"projects/healthsense-ai-prod-478/sites/healthsense-ai-prod-478","defaultUrl":"https://healthsense-ai-prod-478.web.app","type":"DEFAULT_SITE"}]}
[debug] [2026-04-18T16:02:06.003Z] Checked if tokens are valid: true, expires at: 1776531371155
[debug] [2026-04-18T16:02:06.004Z] Checked if tokens are valid: true, expires at: 1776531371155
[debug] [2026-04-18T16:02:06.004Z] >>> [apiv2][query] GET https://firebase.googleapis.com/v1beta1/projects/healthsense-ai-prod-478/webApps/-/config [none]
[debug] [2026-04-18T16:02:07.111Z] <<< [apiv2][status] GET https://firebase.googleapis.com/v1beta1/projects/healthsense-ai-prod-478/webApps/-/config 200
[debug] [2026-04-18T16:02:07.111Z] <<< [apiv2][body] GET https://firebase.googleapis.com/v1beta1/projects/healthsense-ai-prod-478/webApps/-/config {"projectId":"healthsense-ai-prod-478","appId":"1:218534686639:web:ea566353997d51f20f095a","storageBucket":"healthsense-ai-prod-478.firebasestorage.app","apiKey":"AIzaSyCGPulX7bwZy7_FpjW8pOf9cWnwUbiDc7M","authDomain":"healthsense-ai-prod-478.firebaseapp.com","messagingSenderId":"218534686639","projectNumber":"218534686639","version":"2"}
[info] 
   Thank you for trying our early preview of Next.js support on Firebase Hosting.
   During the preview, support is best-effort and breaking changes can be expected. Proceed with caution.
   The integration is known to work with Next.js version 12 - 15.0. You may encounter errors.

   Documentation: https://firebase.google.com/docs/hosting/frameworks/nextjs
   File a bug: https://github.com/firebase/firebase-tools/issues/new?template=bug_report.md
   Submit a feature request: https://github.com/firebase/firebase-tools/issues/new?template=feature_request.md

   We'd love to learn from you. Express your interest in helping us shape the future of Firebase Hosting: https://goo.gle/41enW5X

[debug] [2026-04-18T16:02:16.653Z] Checked if tokens are valid: true, expires at: 1776531371155
[debug] [2026-04-18T16:02:16.653Z] Checked if tokens are valid: true, expires at: 1776531371155
[debug] [2026-04-18T16:02:16.653Z] >>> [apiv2][query] GET https://firebasehosting.googleapis.com/v1beta1/projects/healthsense-ai-prod-478/sites/healthsense-ai-prod-478 [none]
[debug] [2026-04-18T16:02:18.195Z] <<< [apiv2][status] GET https://firebasehosting.googleapis.com/v1beta1/projects/healthsense-ai-prod-478/sites/healthsense-ai-prod-478 200
[debug] [2026-04-18T16:02:18.196Z] <<< [apiv2][body] GET https://firebasehosting.googleapis.com/v1beta1/projects/healthsense-ai-prod-478/sites/healthsense-ai-prod-478 {"name":"projects/healthsense-ai-prod-478/sites/healthsense-ai-prod-478","defaultUrl":"https://healthsense-ai-prod-478.web.app","type":"DEFAULT_SITE"}
[info] ▲ Next.js 16.1.6 (Turbopack)

[info] - Environments: .env.local


[info]   Creating an optimized production build ...

[info] ✓ Compiled successfully in 8.2s

[info]   Running TypeScript ...

[info]   Collecting page data using 15 workers ...

[info]   Generating static pages using 15 workers (0/5) ...

[info]   Generating static pages using 15 workers (1/5) 

[info]   Generating static pages using 15 workers (2/5) 

[info]   Generating static pages using 15 workers (3/5) 

[info] ✓ Generating static pages using 15 workers (5/5) in 379.5ms

[info]   Finalizing page optimization ...

[info] 

[info] Route (app)
┌ ○ /
├ ○ /_not-found
├ ƒ /[locale]
├ ƒ /[locale]/about
├ ƒ /[locale]/cardio-check
├ ƒ /[locale]/cough-analysis
├ ƒ /[locale]/dashboard
├ ƒ /[locale]/govt-schemes
├ ƒ /[locale]/health-records
├ ƒ /[locale]/health-trends
├ ƒ /[locale]/login
├ ƒ /[locale]/mental-health-screen
├ ƒ /[locale]/nearby-hospitals
├ ƒ /[locale]/onboarding
├ ƒ /[locale]/people
├ ƒ /[locale]/privacy-policy
├ ƒ /[locale]/reminders
├ ƒ /[locale]/signup
├ ƒ /[locale]/skin-scan
├ ƒ /[locale]/symptom-checker
├ ƒ /[locale]/vision-scan
├ ƒ /api/cardio-check
├ ƒ /api/chat
├ ƒ /api/cough-analysis
├ ƒ /api/govt-schemes
├ ƒ /api/mental-health
├ ƒ /api/mental-health/questions
├ ƒ /api/nearby-facilities
├ ƒ /api/pulse
├ ƒ /api/skin-scan
├ ƒ /api/symptom-checker
├ ƒ /api/vision-scan
└ ○ /icon.svg


ƒ Proxy (Middleware)

○  (Static)   prerendered as static content
ƒ  (Dynamic)  server-rendered on demand


[info] Building a Cloud Function to run this application. This is needed due to:
[info]  • non-static component /[locale]/about/page
[info]  • non-static component /[locale]/cardio-check/page
[info]  • non-static component /[locale]/cough-analysis/page
[info]  • non-static component /[locale]/dashboard/page
[info]  • non-static component /[locale]/govt-schemes/page
[debug] [2026-04-18T16:02:48.130Z]  • non-static component /[locale]/health-records/page
[debug] [2026-04-18T16:02:48.130Z]  • non-static component /[locale]/health-trends/page
[debug] [2026-04-18T16:02:48.130Z]  • non-static component /[locale]/login/page
[debug] [2026-04-18T16:02:48.130Z]  • non-static component /[locale]/mental-health-screen/page
[debug] [2026-04-18T16:02:48.130Z]  • non-static component /[locale]/nearby-hospitals/page
[debug] [2026-04-18T16:02:48.130Z]  • non-static component /[locale]/onboarding/page
[debug] [2026-04-18T16:02:48.130Z]  • non-static component /[locale]/page
[debug] [2026-04-18T16:02:48.130Z]  • non-static component /[locale]/people/page
[debug] [2026-04-18T16:02:48.130Z]  • non-static component /[locale]/privacy-policy/page
[debug] [2026-04-18T16:02:48.130Z]  • non-static component /[locale]/reminders/page
[debug] [2026-04-18T16:02:48.130Z]  • non-static component /[locale]/signup/page
[debug] [2026-04-18T16:02:48.130Z]  • non-static component /[locale]/skin-scan/page
[debug] [2026-04-18T16:02:48.130Z]  • non-static component /[locale]/symptom-checker/page
[debug] [2026-04-18T16:02:48.131Z]  • non-static component /[locale]/vision-scan/page
[debug] [2026-04-18T16:02:48.131Z]  • non-static component /api/cardio-check/route
[debug] [2026-04-18T16:02:48.131Z]  • non-static component /api/chat/route
[debug] [2026-04-18T16:02:48.131Z]  • non-static component /api/cough-analysis/route
[debug] [2026-04-18T16:02:48.131Z]  • non-static component /api/govt-schemes/route
[debug] [2026-04-18T16:02:48.131Z]  • non-static component /api/mental-health/questions/route
[debug] [2026-04-18T16:02:48.131Z]  • non-static component /api/mental-health/route
[debug] [2026-04-18T16:02:48.131Z]  • non-static component /api/nearby-facilities/route
[debug] [2026-04-18T16:02:48.131Z]  • non-static component /api/pulse/route
[debug] [2026-04-18T16:02:48.131Z]  • non-static component /api/skin-scan/route
[debug] [2026-04-18T16:02:48.131Z]  • non-static component /api/symptom-checker/route
[debug] [2026-04-18T16:02:48.131Z]  • non-static component /api/vision-scan/route
[debug] [2026-04-18T16:02:48.131Z]  • route with server action /[locale]/cough-analysis
[debug] [2026-04-18T16:02:48.131Z]  • route with server action /[locale]/dashboard
[debug] [2026-04-18T16:02:48.131Z]  • route with server action /[locale]/mental-health-screen
[debug] [2026-04-18T16:02:48.131Z]  • route with server action /[locale]/symptom-checker
[info]  • and 29 other reasons, use --debug to see more
[info] 
[debug] [2026-04-18T16:02:55.461Z] Checked if tokens are valid: true, expires at: 1776531371155
[debug] [2026-04-18T16:02:55.461Z] Checked if tokens are valid: true, expires at: 1776531371155
[debug] [2026-04-18T16:02:55.461Z] >>> [apiv2][query] GET https://firebasehosting.googleapis.com/v1beta1/projects/healthsense-ai-prod-478/sites/healthsense-ai-prod-478 [none]
[debug] [2026-04-18T16:02:56.588Z] <<< [apiv2][status] GET https://firebasehosting.googleapis.com/v1beta1/projects/healthsense-ai-prod-478/sites/healthsense-ai-prod-478 200
[debug] [2026-04-18T16:02:56.588Z] <<< [apiv2][body] GET https://firebasehosting.googleapis.com/v1beta1/projects/healthsense-ai-prod-478/sites/healthsense-ai-prod-478 {"name":"projects/healthsense-ai-prod-478/sites/healthsense-ai-prod-478","defaultUrl":"https://healthsense-ai-prod-478.web.app","type":"DEFAULT_SITE"}
[debug] [2026-04-18T16:02:57.506Z] Error: EPERM: operation not permitted, symlink 'C:\Users\Krrish\Desktop\pulsecheck.ai\node_modules\genkit' -> 'C:\Users\Krrish\Desktop\pulsecheck.ai\.firebase\healthsense-ai-prod-478\functions\.next\node_modules\genkit-8a29976f7302c1b6'
[error] 
[error] Error: An unexpected error has occurred.
