env: load .env
env: export FIREBASE_API_KEY FIREBASE_AUTH_DOMAIN FIREBASE_PROJECT_ID FIREBASE_STORAGE_BUCKET FIREBASE_MESSAGING_SENDER_ID FIREBASE_APP_ID VERCEL_API_BASE
Starting Metro Bundler
node.exe : Error: Unable to resolve module 
expo-file-system/legacy from C:\Users\Krrish\Desktop\p
ulsecheck.ai\pulsecheck-ai-mobile\app\(tabs)\skin-scan
.tsx: expo-file-system/legacy could not be found 
within the project or in these directories:
At C:\Users\Krrish\Desktop\pulsecheck.ai\pulsecheck-ai
-mobile\node_modules\.bin\expo.ps1:24 char:5
+     & "node$exe"  "$basedir/../expo/bin/cli" $args
+     ~~~~~~~~~~~~~~~~~~~~~~~~~~~~~~~~~~~~~~~~~~~~~~
    + CategoryInfo          : NotSpecified: (Error: U 
   nable t...se directories::String) [], RemoteExcep  
  tion
    + FullyQualifiedErrorId : NativeCommandError
 
  node_modules
  ..\node_modules
[0m [90m  6 |[39m [36mimport[39m [33m*[39m 
[36mas[39m [33mImagePicker[39m [36mfrom[39m 
[32m"expo-image-picker"[39m[33m;[39m
 [90m  7 |[39m [36mimport[39m { 
[33mIonicons[39m } [36mfrom[39m 
[32m"@expo/vector-icons"[39m[33m;[39m
[31m[1m>[22m[39m[90m  8 |[39m [36mimport[39m 
[33m*[39m [36mas[39m [33mFileSystem[39m 
[36mfrom[39m 
[32m"expo-file-system/legacy"[39m[33m;[39m
 [90m    |[39m                              
[31m[1m^[22m[39m
 [90m  9 |[39m
 [90m 10 |[39m [36mconst[39m [33mVERCEL_API[39m 
[33m=[39m [32m"https://pulsecheckai-orcin.vercel.ap
p"[39m[33m;[39m
 [90m 11 |[39m[0m
Error: Unable to resolve module 
expo-file-system/legacy from C:\Users\Krrish\Desktop\p
ulsecheck.ai\pulsecheck-ai-mobile\app\(tabs)\skin-scan
.tsx: expo-file-system/legacy could not be found 
within the project or in these directories:
  node_modules
  ..\node_modules
[0m [90m  6 |[39m [36mimport[39m [33m*[39m 
[36mas[39m [33mImagePicker[39m [36mfrom[39m 
[32m"expo-image-picker"[39m[33m;[39m
 [90m  7 |[39m [36mimport[39m { 
[33mIonicons[39m } [36mfrom[39m 
[32m"@expo/vector-icons"[39m[33m;[39m
[31m[1m>[22m[39m[90m  8 |[39m [36mimport[39m 
[33m*[39m [36mas[39m [33mFileSystem[39m 
[36mfrom[39m 
[32m"expo-file-system/legacy"[39m[33m;[39m
 [90m    |[39m                              
[31m[1m^[22m[39m
 [90m  9 |[39m
 [90m 10 |[39m [36mconst[39m [33mVERCEL_API[39m 
[33m=[39m [32m"https://pulsecheckai-orcin.vercel.ap
p"[39m[33m;[39m
 [90m 11 |[39m[0m
    at ModuleResolver.resolveDependency (C:\Users\Krri
sh\Desktop\pulsecheck.ai\pulsecheck-ai-mobile\node_mod
ules\metro\src\node-haste\DependencyGraph\ModuleResolu
tion.js:150:15)
    at DependencyGraph.resolveDependency (C:\Users\Krr
ish\Desktop\pulsecheck.ai\pulsecheck-ai-mobile\node_mo
dules\metro\src\node-haste\DependencyGraph.js:248:43)
    at C:\Users\Krrish\Desktop\pulsecheck.ai\pulsechec
k-ai-mobile\node_modules\metro\src\lib\transformHelper
s.js:165:21
    at resolveDependencies (C:\Users\Krrish\Desktop\pu
lsecheck.ai\pulsecheck-ai-mobile\node_modules\metro\sr
c\DeltaBundler\buildSubgraph.js:42:25)
    at visit (C:\Users\Krrish\Desktop\pulsecheck.ai\pu
lsecheck-ai-mobile\node_modules\metro\src\DeltaBundler
\buildSubgraph.js:83:30)
    at async Promise.all (index 11)
    at visit (C:\Users\Krrish\Desktop\pulsecheck.ai\pu
lsecheck-ai-mobile\node_modules\metro\src\DeltaBundler
\buildSubgraph.js:92:5)
    at async Promise.all (index 0)
    at visit (C:\Users\Krrish\Desktop\pulsecheck.ai\pu
lsecheck-ai-mobile\node_modules\metro\src\DeltaBundler
\buildSubgraph.js:92:5)
    at async Promise.all (index 1)
